c:\for my work\visual studio\c++\sfml\minesweeper\minesweeper\release\vc143.pdb
c:\for my work\visual studio\c++\sfml\minesweeper\minesweeper\release\render.obj
c:\for my work\visual studio\c++\sfml\minesweeper\minesweeper\release\minesweeperapp.obj
c:\for my work\visual studio\c++\sfml\minesweeper\minesweeper\release\main.obj
c:\for my work\visual studio\c++\sfml\minesweeper\minesweeper\release\gamelogic.obj
c:\for my work\visual studio\c++\sfml\minesweeper\minesweeper\release\dropdown.obj
c:\for my work\visual studio\c++\sfml\minesweeper\minesweeper\release\button.obj
c:\for my work\visual studio\c++\sfml\minesweeper\release\minesweeper.exe
c:\for my work\visual studio\c++\sfml\minesweeper\release\minesweeper.pdb
c:\for my work\visual studio\c++\sfml\minesweeper\minesweeper\release\minesweeper.res
c:\for my work\visual studio\c++\sfml\minesweeper\minesweeper\release\minesweeper.ipdb
c:\for my work\visual studio\c++\sfml\minesweeper\minesweeper\release\minesweeper.iobj
c:\for my work\visual studio\c++\sfml\minesweeper\minesweeper\release\minesweeper.tlog\cl.command.1.tlog
c:\for my work\visual studio\c++\sfml\minesweeper\minesweeper\release\minesweeper.tlog\cl.items.tlog
c:\for my work\visual studio\c++\sfml\minesweeper\minesweeper\release\minesweeper.tlog\cl.read.1.tlog
c:\for my work\visual studio\c++\sfml\minesweeper\minesweeper\release\minesweeper.tlog\cl.write.1.tlog
c:\for my work\visual studio\c++\sfml\minesweeper\minesweeper\release\minesweeper.tlog\link.command.1.tlog
c:\for my work\visual studio\c++\sfml\minesweeper\minesweeper\release\minesweeper.tlog\link.read.1.tlog
c:\for my work\visual studio\c++\sfml\minesweeper\minesweeper\release\minesweeper.tlog\link.secondary.1.tlog
c:\for my work\visual studio\c++\sfml\minesweeper\minesweeper\release\minesweeper.tlog\link.write.1.tlog
c:\for my work\visual studio\c++\sfml\minesweeper\minesweeper\release\minesweeper.tlog\rc.command.1.tlog
c:\for my work\visual studio\c++\sfml\minesweeper\minesweeper\release\minesweeper.tlog\rc.read.1.tlog
c:\for my work\visual studio\c++\sfml\minesweeper\minesweeper\release\minesweeper.tlog\rc.write.1.tlog
